<?xml version="1.0" encoding="UTF-8"?>
<testng-results ignored="0" total="3" passed="1" failed="1" skipped="1">
  <reporter-output>
  </reporter-output>
  <suite started-at="2022-12-06T12:32:32 IST" name="Suite" finished-at="2022-12-06T12:32:47 IST" duration-ms="14945">
    <groups>
    </groups>
    <test started-at="2022-12-06T12:32:32 IST" name="Test" finished-at="2022-12-06T12:32:47 IST" duration-ms="14945">
      <class name="zephyrsquad.jenkins.secondTest">
        <test-method is-config="true" signature="steup()[pri:0, instance:zephyrsquad.jenkins.secondTest@6221a451]" started-at="2022-12-06T12:32:36 IST" name="steup" finished-at="2022-12-06T12:32:39 IST" duration-ms="2347" status="PASS">
          <reporter-output>
          </reporter-output>
        </test-method> <!-- steup -->
        <test-method signature="secondtest()[pri:0, instance:zephyrsquad.jenkins.secondTest@6221a451]" started-at="2022-12-06T12:32:39 IST" name="secondtest" finished-at="2022-12-06T12:32:41 IST" duration-ms="2179" status="FAIL">
          <exception class="java.lang.AssertionError">
            <message>
              <![CDATA[testcase failed expected [https://www.saucedemo.com/inventory.html] but found [https://www.saucedemo.com/]]]>
            </message>
            <full-stacktrace>
              <![CDATA[java.lang.AssertionError: testcase failed expected [https://www.saucedemo.com/inventory.html] but found [https://www.saucedemo.com/]
at org.testng.Assert.fail(Assert.java:110)
at org.testng.Assert.failNotEquals(Assert.java:1413)
at org.testng.Assert.assertEqualsImpl(Assert.java:149)
at org.testng.Assert.assertEquals(Assert.java:131)
at org.testng.Assert.assertEquals(Assert.java:655)
at zephyrsquad.jenkins.secondTest.secondtest(secondTest.java:38)
at java.base/jdk.internal.reflect.NativeMethodAccessorImpl.invoke0(Native Method)
at java.base/jdk.internal.reflect.NativeMethodAccessorImpl.invoke(NativeMethodAccessorImpl.java:64)
at java.base/jdk.internal.reflect.DelegatingMethodAccessorImpl.invoke(DelegatingMethodAccessorImpl.java:43)
at java.base/java.lang.reflect.Method.invoke(Method.java:564)
at org.testng.internal.invokers.MethodInvocationHelper.invokeMethod(MethodInvocationHelper.java:139)
at org.testng.internal.invokers.TestInvoker.invokeMethod(TestInvoker.java:677)
at org.testng.internal.invokers.TestInvoker.invokeTestMethod(TestInvoker.java:221)
at org.testng.internal.invokers.MethodRunner.runInSequence(MethodRunner.java:50)
at org.testng.internal.invokers.TestInvoker$MethodInvocationAgent.invoke(TestInvoker.java:962)
at org.testng.internal.invokers.TestInvoker.invokeTestMethods(TestInvoker.java:194)
at org.testng.internal.invokers.TestMethodWorker.invokeTestMethods(TestMethodWorker.java:148)
at org.testng.internal.invokers.TestMethodWorker.run(TestMethodWorker.java:128)
at java.base/java.util.concurrent.ThreadPoolExecutor.runWorker(ThreadPoolExecutor.java:1130)
at java.base/java.util.concurrent.ThreadPoolExecutor$Worker.run(ThreadPoolExecutor.java:630)
at java.base/java.lang.Thread.run(Thread.java:832)
]]>
            </full-stacktrace>
          </exception> <!-- java.lang.AssertionError -->
          <reporter-output>
          </reporter-output>
        </test-method> <!-- secondtest -->
        <test-method signature="testing()[pri:0, instance:zephyrsquad.jenkins.secondTest@6221a451]" started-at="2022-12-06T12:32:41 IST" name="testing" finished-at="2022-12-06T12:32:41 IST" depends-on-methods="zephyrsquad.jenkins.secondTest.secondtest" duration-ms="0" status="SKIP">
          <exception class="java.lang.Throwable">
            <message>
              <![CDATA[Method zephyrsquad.jenkins.secondTest.testing() on instance zephyrsquad.jenkins.secondTest@6221a451 depends on not successfully finished methods 
[zephyrsquad.jenkins.secondTest.secondtest() on instance zephyrsquad.jenkins.secondTest@6221a451]]]>
            </message>
            <full-stacktrace>
              <![CDATA[java.lang.Throwable: Method zephyrsquad.jenkins.secondTest.testing() on instance zephyrsquad.jenkins.secondTest@6221a451 depends on not successfully finished methods 
[zephyrsquad.jenkins.secondTest.secondtest() on instance zephyrsquad.jenkins.secondTest@6221a451]
at org.testng.internal.invokers.TestInvoker.invokeTestMethods(TestInvoker.java:150)
at org.testng.internal.invokers.TestMethodWorker.invokeTestMethods(TestMethodWorker.java:148)
at org.testng.internal.invokers.TestMethodWorker.run(TestMethodWorker.java:128)
at java.base/java.util.concurrent.ThreadPoolExecutor.runWorker(ThreadPoolExecutor.java:1130)
at java.base/java.util.concurrent.ThreadPoolExecutor$Worker.run(ThreadPoolExecutor.java:630)
at java.base/java.lang.Thread.run(Thread.java:832)
]]>
            </full-stacktrace>
          </exception> <!-- java.lang.Throwable -->
          <reporter-output>
          </reporter-output>
        </test-method> <!-- testing -->
        <test-method is-config="true" signature="close()[pri:0, instance:zephyrsquad.jenkins.secondTest@6221a451]" started-at="2022-12-06T12:32:46 IST" name="close" finished-at="2022-12-06T12:32:47 IST" duration-ms="277" status="PASS">
          <reporter-output>
          </reporter-output>
        </test-method> <!-- close -->
      </class> <!-- zephyrsquad.jenkins.secondTest -->
      <class name="zephyrsquad.jenkins.firstTest">
        <test-method is-config="true" signature="steup()[pri:0, instance:zephyrsquad.jenkins.firstTest@18df8434]" started-at="2022-12-06T12:32:32 IST" name="steup" finished-at="2022-12-06T12:32:36 IST" duration-ms="4567" status="PASS">
          <reporter-output>
          </reporter-output>
        </test-method> <!-- steup -->
        <test-method signature="firsttest()[pri:0, instance:zephyrsquad.jenkins.firstTest@18df8434]" started-at="2022-12-06T12:32:39 IST" name="firsttest" finished-at="2022-12-06T12:32:44 IST" duration-ms="5627" status="PASS">
          <reporter-output>
          </reporter-output>
        </test-method> <!-- firsttest -->
        <test-method is-config="true" signature="close()[pri:0, instance:zephyrsquad.jenkins.firstTest@18df8434]" started-at="2022-12-06T12:32:44 IST" name="close" finished-at="2022-12-06T12:32:46 IST" duration-ms="2087" status="PASS">
          <reporter-output>
          </reporter-output>
        </test-method> <!-- close -->
      </class> <!-- zephyrsquad.jenkins.firstTest -->
    </test> <!-- Test -->
  </suite> <!-- Suite -->
</testng-results>
